#
# A fatal error has been detected by the Java Runtime Environment:
#
#  EXCEPTION_ACCESS_VIOLATION (0xc0000005) at pc=0x0000000063788624, pid=13068, tid=4952
#
# JRE version: 7.0_11-b21
# Java VM: Java HotSpot(TM) 64-Bit Server VM (23.6-b04 mixed mode windows-amd64 compressed oops)
# Problematic frame:
# C  0x0000000063788624
#
# Failed to write core dump. Minidumps are not enabled by default on client versions of Windows
#
# If you would like to submit a bug report, please visit:
#   http://bugreport.sun.com/bugreport/crash.jsp
# The crash happened outside the Java Virtual Machine in native code.
# See problematic frame for where to report the bug.
#

---------------  T H R E A D  ---------------

Current thread (0x000000005b0f6800):  JavaThread "AWT-EventQueue-0" [_thread_in_native, id=4952, stack(0x000000009fff0000,0x00000000a3ff0000)]

siginfo: ExceptionCode=0xc0000005, reading address 0x0000000000000008

Registers:
RAX=0x000000000000000d, RBX=0x000000005b0f69d8, RCX=0x0000000000000000, RDX=0x000000001a012009
RSP=0x00000000a3fed5f8, RBP=0x000000005b0f69d8, RSI=0x000000002c1a60c0, RDI=0x00000000c87ae840
R8 =0x00000000a3fed5b8, R9 =0x0000000000000000, R10=0x0000000000000000, R11=0x0000000000000246
R12=0x000000001a012009, R13=0x0000000000000000, R14=0x00000000a3fedd90, R15=0x000000005b0f6800
RIP=0x0000000063788624, EFLAGS=0x0000000000010202

Top of Stack: (sp=0x00000000a3fed5f8)
0x00000000a3fed5f8:   0000000063749589 0000000000000000
0x00000000a3fed608:   000000005b0f69d8 000000002e5d0d00
0x00000000a3fed618:   000000002e5d0d00 0000000000000000
0x00000000a3fed628:   000000002c1a60c0 00000000a3fedd80
0x00000000a3fed638:   000000006372a6b1 000000005b0f69d8
0x00000000a3fed648:   0000000000000000 00000000a3fed701
0x00000000a3fed658:   00000000fc236538 00000000cd02ead0
0x00000000a3fed668:   000000006374627a 00000000a3fedd80
0x00000000a3fed678:   00000000a3fed770 000000005b0f69d8
0x00000000a3fed688:   00000000a3fed708 000000003d3261f8
0x00000000a3fed698:   0000000000000855 00000000e80650a8
0x00000000a3fed6a8:   00000000e910ab80 0000000100000000
0x00000000a3fed6b8:   0000000000000000 0000000100000000
0x00000000a3fed6c8:   00000000e91590c8 00000000e03f0d88
0x00000000a3fed6d8:   ff000000ffffffff 00000000e829d538
0x00000000a3fed6e8:   00000000a3fedd78 000000005b0f69d8 

Instructions: (pc=0x0000000063788624)
0x0000000063788604:   5e 41 5d 41 5c 5f c3 cc 48 8b 41 08 48 05 00 04
0x0000000063788614:   00 00 c3 cc 48 8b 41 08 48 8b 80 18 0c 00 00 c3
0x0000000063788624:   48 8b 49 08 48 85 c9 74 05 e9 0e 72 fe ff 33 c0
0x0000000063788634:   c3 cc cc cc 48 83 ec 28 48 8b 49 08 48 85 c9 74 


Register to memory mapping:

RAX=0x000000000000000d is an unknown value
RBX=0x000000005b0f69d8 is an unknown value
RCX=0x0000000000000000 is an unknown value
RDX=0x000000001a012009 is an unknown value
RSP=0x00000000a3fed5f8 is pointing into the stack for thread: 0x000000005b0f6800
RBP=0x000000005b0f69d8 is an unknown value
RSI=0x000000002c1a60c0 is an unknown value
RDI=0x00000000c87ae840 is an unknown value
R8 =0x00000000a3fed5b8 is pointing into the stack for thread: 0x000000005b0f6800
R9 =0x0000000000000000 is an unknown value
R10=0x0000000000000000 is an unknown value
R11=0x0000000000000246 is an unknown value
R12=0x000000001a012009 is an unknown value
R13=0x0000000000000000 is an unknown value
R14=0x00000000a3fedd90 is pointing into the stack for thread: 0x000000005b0f6800
R15=0x000000005b0f6800 is a thread


Stack: [0x000000009fff0000,0x00000000a3ff0000],  sp=0x00000000a3fed5f8,  free space=65525k
Native frames: (J=compiled Java code, j=interpreted, Vv=VM code, C=native code)
C  0x0000000063788624

Java frames: (J=compiled Java code, j=interpreted, Vv=VM code)
j  sun.java2d.windows.GDIBlitLoops.nativeBlit(Lsun/java2d/SurfaceData;Lsun/java2d/SurfaceData;Lsun/java2d/pipe/Region;IIIIIIIIIZ)V+0
j  sun.java2d.windows.GDIBlitLoops.Blit(Lsun/java2d/SurfaceData;Lsun/java2d/SurfaceData;Ljava/awt/Composite;Lsun/java2d/pipe/Region;IIIIII)V+33
j  sun.java2d.pipe.DrawImage.blitSurfaceData(Lsun/java2d/SunGraphics2D;Lsun/java2d/pipe/Region;Lsun/java2d/SurfaceData;Lsun/java2d/SurfaceData;Lsun/java2d/loops/SurfaceType;Lsun/java2d/loops/SurfaceType;IIIIIILjava/awt/Color;)V+97
j  sun.java2d.pipe.DrawImage.renderImageCopy(Lsun/java2d/SunGraphics2D;Ljava/awt/Image;Ljava/awt/Color;IIIIII)Z+77
j  sun.java2d.pipe.DrawImage.copyImage(Lsun/java2d/SunGraphics2D;Ljava/awt/Image;IILjava/awt/Color;)Z+45
j  sun.java2d.pipe.DrawImage.copyImage(Lsun/java2d/SunGraphics2D;Ljava/awt/Image;IILjava/awt/Color;Ljava/awt/image/ImageObserver;)Z+15
j  sun.java2d.pipe.ValidatePipe.copyImage(Lsun/java2d/SunGraphics2D;Ljava/awt/Image;IILjava/awt/Color;Ljava/awt/image/ImageObserver;)Z+21
j  sun.java2d.SunGraphics2D.drawImage(Ljava/awt/Image;IILjava/awt/Color;Ljava/awt/image/ImageObserver;)Z+18
j  sun.java2d.SunGraphics2D.drawImage(Ljava/awt/Image;IILjava/awt/image/ImageObserver;)Z+7
j  javax.swing.RepaintManager$PaintManager.paintDoubleBuffered(Ljavax/swing/JComponent;Ljava/awt/Image;Ljava/awt/Graphics;IIII)V+127
j  javax.swing.RepaintManager$PaintManager.paint(Ljavax/swing/JComponent;Ljavax/swing/JComponent;Ljava/awt/Graphics;IIII)Z+116
j  javax.swing.RepaintManager.paint(Ljavax/swing/JComponent;Ljavax/swing/JComponent;Ljava/awt/Graphics;IIII)V+52
j  javax.swing.JComponent.paint(Ljava/awt/Graphics;)V+221
j  java.awt.GraphicsCallback$PaintCallback.run(Ljava/awt/Component;Ljava/awt/Graphics;)V+2
j  sun.awt.SunGraphicsCallback.runOneComponent(Ljava/awt/Component;Ljava/awt/Rectangle;Ljava/awt/Graphics;Ljava/awt/Shape;I)V+155
j  sun.awt.SunGraphicsCallback.runComponents([Ljava/awt/Component;Ljava/awt/Graphics;I)V+194
j  java.awt.Container.paint(Ljava/awt/Graphics;)V+58
j  java.awt.Window.paint(Ljava/awt/Graphics;)V+68
j  javax.swing.RepaintManager.paintDirtyRegions(Ljava/util/Map;)V+239
j  javax.swing.RepaintManager.paintDirtyRegions()V+46
j  javax.swing.RepaintManager.prePaintDirtyRegions()V+73
j  javax.swing.RepaintManager.access$700(Ljavax/swing/RepaintManager;)V+1
j  javax.swing.RepaintManager$ProcessingRunnable.run()V+37
J  java.awt.EventQueue$3.run()Ljava/lang/Object;
v  ~StubRoutines::call_stub
J  java.security.AccessController.doPrivileged(Ljava/security/PrivilegedAction;Ljava/security/AccessControlContext;)Ljava/lang/Object;
J  java.security.ProtectionDomain$1.doIntersectionPrivilege(Ljava/security/PrivilegedAction;Ljava/security/AccessControlContext;Ljava/security/AccessControlContext;)Ljava/lang/Object;
j  java.awt.EventQueue.dispatchEvent(Ljava/awt/AWTEvent;)V+46
j  java.awt.EventDispatchThread.pumpOneEventForFilters(I)V+245
j  java.awt.EventDispatchThread.pumpEventsForFilter(ILjava/awt/Conditional;Ljava/awt/EventFilter;)V+35
j  java.awt.EventDispatchThread.pumpEventsForHierarchy(ILjava/awt/Conditional;Ljava/awt/Component;)V+11
j  java.awt.EventDispatchThread.pumpEvents(ILjava/awt/Conditional;)V+4
j  java.awt.EventDispatchThread.pumpEvents(Ljava/awt/Conditional;)V+3
j  java.awt.EventDispatchThread.run()V+9
v  ~StubRoutines::call_stub

---------------  P R O C E S S  ---------------

Java Threads: ( => current thread )
  0x000000005c188000 JavaThread "Foxtrot Single Worker Thread #1" daemon [_thread_blocked, id=9928, stack(0x000000022c0d0000,0x00000002300d0000)]
  0x000000005c185800 JavaThread "Code Analyzer updating thread" [_thread_blocked, id=1172, stack(0x00000002240d0000,0x00000002280d0000)]
  0x000000005c189800 JavaThread "Code Analyzer updating thread" [_thread_blocked, id=12280, stack(0x0000000158030000,0x000000015c030000)]
  0x000000005c185000 JavaThread "Code Analyzer updating thread" [_thread_blocked, id=6316, stack(0x0000000150030000,0x0000000154030000)]
  0x000000005c187000 JavaThread "Code Analyzer updating thread" [_thread_blocked, id=7064, stack(0x0000000148030000,0x000000014c030000)]
  0x000000005c18b800 JavaThread "Code Analyzer updating thread" [_thread_blocked, id=5376, stack(0x0000000140030000,0x0000000144030000)]
  0x000000005c188800 JavaThread "Code Analyzer updating thread" [_thread_blocked, id=1636, stack(0x0000000138000000,0x000000013c000000)]
  0x000000005c18b000 JavaThread "Code Analyzer updating thread" [_thread_blocked, id=11268, stack(0x0000000130000000,0x0000000134000000)]
  0x000000005c183800 JavaThread "Code Analyzer updating thread" [_thread_blocked, id=9884, stack(0x0000000128000000,0x000000012c000000)]
  0x000000005c18a000 JavaThread "Active Reference Queue Daemon" daemon [_thread_blocked, id=8084, stack(0x0000000120000000,0x0000000124000000)]
  0x000000005c186800 JavaThread "Timer-1" daemon [_thread_blocked, id=3960, stack(0x000000011c000000,0x0000000120000000)]
  0x000000005c184000 JavaThread "ClipboardMonitor Timer" daemon [_thread_blocked, id=1020, stack(0x0000000118000000,0x000000011c000000)]
  0x0000000061ecc000 JavaThread "Explorer NavigationContext request queue" daemon [_thread_blocked, id=13160, stack(0x0000000100000000,0x0000000104000000)]
  0x0000000061ed0000 JavaThread "AddressBar directory emptiness poller" daemon [_thread_blocked, id=3992, stack(0x00000000d8fc0000,0x00000000dcfc0000)]
  0x0000000061ece800 JavaThread "Explorer Refresh Service 31801834" daemon [_thread_blocked, id=9380, stack(0x00000000d4fc0000,0x00000000d8fc0000)]
  0x0000000061ecf000 JavaThread "Thread-4" daemon [_thread_blocked, id=1216, stack(0x00000000c8fc0000,0x00000000ccfc0000)]
  0x000000005c190000 JavaThread "TimerQueue" daemon [_thread_blocked, id=12100, stack(0x00000000b7ff0000,0x00000000bbff0000)]
  0x000000005b49f800 JavaThread "Thread-3" daemon [_thread_blocked, id=5352, stack(0x00000000b3ff0000,0x00000000b7ff0000)]
  0x000000005b236800 JavaThread "FelixPackageAdmin" daemon [_thread_blocked, id=11540, stack(0x00000000afff0000,0x00000000b3ff0000)]
  0x000000005b1c6800 JavaThread "FelixStartLevel" daemon [_thread_blocked, id=9084, stack(0x00000000abff0000,0x00000000afff0000)]
  0x000000005aefc000 JavaThread "FelixDispatchQueue" daemon [_thread_blocked, id=12724, stack(0x00000000a7ff0000,0x00000000abff0000)]
=>0x000000005b0f6800 JavaThread "AWT-EventQueue-0" [_thread_in_native, id=4952, stack(0x000000009fff0000,0x00000000a3ff0000)]
  0x000000003d12c000 JavaThread "com.google.common.base.internal.Finalizer" daemon [_thread_blocked, id=12376, stack(0x000000009bff0000,0x000000009fff0000)]
  0x000000005ae8e800 JavaThread "AWT-Windows" daemon [_thread_in_native, id=8040, stack(0x0000000093ff0000,0x0000000097ff0000)]
  0x000000003d104000 JavaThread "AWT-Shutdown" [_thread_blocked, id=6116, stack(0x000000008fff0000,0x0000000093ff0000)]
  0x000000005ada2800 JavaThread "Java2D Disposer" daemon [_thread_blocked, id=10748, stack(0x000000008bff0000,0x000000008fff0000)]
  0x000000005abd7800 JavaThread "Timer-0" [_thread_blocked, id=7652, stack(0x0000000087ff0000,0x000000008bff0000)]
  0x000000005ab5a800 JavaThread "EventMgr Dispatcher" daemon [_thread_in_native, id=12788, stack(0x0000000083ff0000,0x0000000087ff0000)]
  0x000000003cd13000 JavaThread "Service Thread" daemon [_thread_blocked, id=7596, stack(0x000000007bf60000,0x000000007ff60000)]
  0x000000003cd0e800 JavaThread "C2 CompilerThread1" daemon [_thread_blocked, id=12196, stack(0x0000000077f60000,0x000000007bf60000)]
  0x000000003cd0d000 JavaThread "C2 CompilerThread0" daemon [_thread_blocked, id=5716, stack(0x0000000073f60000,0x0000000077f60000)]
  0x000000003cd0c000 JavaThread "Attach Listener" daemon [_thread_blocked, id=11400, stack(0x000000006ff60000,0x0000000073f60000)]
  0x000000003cce4800 JavaThread "Finalizer" daemon [_thread_blocked, id=11464, stack(0x000000005d370000,0x0000000061370000)]
  0x000000003ccdc800 JavaThread "Reference Handler" daemon [_thread_blocked, id=6512, stack(0x00000000569e0000,0x000000005a9e0000)]
  0x000000002f800800 JavaThread "main" [_thread_in_native, id=8416, stack(0x0000000000600000,0x0000000004600000)]

Other Threads:
  0x000000003ccd9800 VMThread [stack: 0x00000000529e0000,0x00000000569e0000] [id=7892]
  0x000000003cd7a800 WatcherThread [stack: 0x000000007fff0000,0x0000000083ff0000] [id=7236]

VM state:not at safepoint (normal execution)

VM Mutex/Monitor currently owned by a thread: None

Heap
 PSYoungGen      total 80768K, used 41169K [0x00000000fa000000, 0x00000000fff40000, 0x0000000100000000)
  eden space 64576K, 54% used [0x00000000fa000000,0x00000000fc2614a0,0x00000000fdf10000)
  from space 16192K, 36% used [0x00000000feec0000,0x00000000ff493290,0x00000000ffe90000)
  to   space 16064K, 0% used [0x00000000fdf10000,0x00000000fdf10000,0x00000000feec0000)
 ParOldGen       total 105408K, used 57562K [0x00000000e8000000, 0x00000000ee6f0000, 0x00000000fa000000)
  object space 105408K, 54% used [0x00000000e8000000,0x00000000eb836b50,0x00000000ee6f0000)
 PSPermGen       total 109120K, used 58299K [0x00000000e0000000, 0x00000000e6a90000, 0x00000000e8000000)
  object space 109120K, 53% used [0x00000000e0000000,0x00000000e38eed30,0x00000000e6a90000)

Card table byte_map: [0x00000000403e0000,0x00000000404f0000] byte_map_base: 0x000000003fce0000

Polling page: 0x000000003d2f0000

Code Cache  [0x000000003d320000, 0x000000003d820000, 0x0000000040320000)
 total_blobs=2264 nmethods=1611 adapters=602 free_code_cache=44220Kb largest_free_block=45127232

Compilation events (10 events):
Event: 1150.072 Thread 0x000000003cd0d000 1733             java.util.Collections$UnmodifiableMap$UnmodifiableEntrySet$1::hasNext (10 bytes)
Event: 1150.073 Thread 0x000000003cd0d000 nmethod 1733 0x000000003d4ba190 code [0x000000003d4ba2e0, 0x000000003d4ba378]
Event: 1153.073 Thread 0x000000003cd0e800 1734             com.mathworks.mlwidgets.explorer.model.table.UiFileList::convertToMap (57 bytes)
Event: 1153.089 Thread 0x000000003cd0e800 nmethod 1734 0x000000003d74c2d0 code [0x000000003d74c500, 0x000000003d74ce70]
Event: 1159.072 Thread 0x000000003cd0d000 1735             com.mathworks.mlwidgets.explorer.model.table.UiFileList::diffAndSendEvents (304 bytes)
Event: 1159.113 Thread 0x000000003cd0d000 nmethod 1735 0x000000003d7a2c10 code [0x000000003d7a2f60, 0x000000003d7a4420]
Event: 1175.293 Thread 0x000000003cd0e800 1736             sun.java2d.SunGraphics2D::transformShape (97 bytes)
Event: 1175.296 Thread 0x000000003cd0e800 nmethod 1736 0x000000003d72b3d0 code [0x000000003d72b520, 0x000000003d72b6d8]
Event: 1175.329 Thread 0x000000003cd0d000 1737             javax.swing.text.Utilities::drawTabbedText (409 bytes)
Event: 1175.339 Thread 0x000000003cd0d000 nmethod 1737 0x000000003d7eced0 code [0x000000003d7ed080, 0x000000003d7ed650]

GC Heap History (10 events):
Event: 25.116 GC heap before
{Heap before GC invocations=38 (full 2):
 PSYoungGen      total 67136K, used 67096K [0x00000000fa000000, 0x00000000ffe20000, 0x0000000100000000)
  eden space 58304K, 100% used [0x00000000fa000000,0x00000000fd8f0000,0x00000000fd8f0000)
  from space 8832K, 99% used [0x00000000fd8f0000,0x00000000fe186040,0x00000000fe190000)
  to   space 18624K, 0% used [0x00000000febf0000,0x00000000febf0000,0x00000000ffe20000)
 ParOldGen       total 105408K, used 56898K [0x00000000e8000000, 0x00000000ee6f0000, 0x00000000fa000000)
  object space 105408K, 53% used [0x00000000e8000000,0x00000000eb790b50,0x00000000ee6f0000)
 PSPermGen       total 109120K, used 57722K [0x00000000e0000000, 0x00000000e6a90000, 0x00000000e8000000)
  object space 109120K, 52% used [0x00000000e0000000,0x00000000e385ea60,0x00000000e6a90000)
Event: 25.126 GC heap after
Heap after GC invocations=38 (full 2):
 PSYoungGen      total 78528K, used 9406K [0x00000000fa000000, 0x0000000100000000, 0x0000000100000000)
  eden space 59904K, 0% used [0x00000000fa000000,0x00000000fa000000,0x00000000fda80000)
  from space 18624K, 50% used [0x00000000febf0000,0x00000000ff51f818,0x00000000ffe20000)
  to   space 17856K, 0% used [0x00000000fda80000,0x00000000fda80000,0x00000000febf0000)
 ParOldGen       total 105408K, used 57554K [0x00000000e8000000, 0x00000000ee6f0000, 0x00000000fa000000)
  object space 105408K, 54% used [0x00000000e8000000,0x00000000eb834b50,0x00000000ee6f0000)
 PSPermGen       total 109120K, used 57722K [0x00000000e0000000, 0x00000000e6a90000, 0x00000000e8000000)
  object space 109120K, 52% used [0x00000000e0000000,0x00000000e385ea60,0x00000000e6a90000)
}
Event: 163.073 GC heap before
{Heap before GC invocations=39 (full 2):
 PSYoungGen      total 78528K, used 69310K [0x00000000fa000000, 0x0000000100000000, 0x0000000100000000)
  eden space 59904K, 100% used [0x00000000fa000000,0x00000000fda80000,0x00000000fda80000)
  from space 18624K, 50% used [0x00000000febf0000,0x00000000ff51f818,0x00000000ffe20000)
  to   space 17856K, 0% used [0x00000000fda80000,0x00000000fda80000,0x00000000febf0000)
 ParOldGen       total 105408K, used 57554K [0x00000000e8000000, 0x00000000ee6f0000, 0x00000000fa000000)
  object space 105408K, 54% used [0x00000000e8000000,0x00000000eb834b50,0x00000000ee6f0000)
 PSPermGen       total 109120K, used 58073K [0x00000000e0000000, 0x00000000e6a90000, 0x00000000e8000000)
  object space 109120K, 53% used [0x00000000e0000000,0x00000000e38b6450,0x00000000e6a90000)
Event: 163.084 GC heap after
Heap after GC invocations=39 (full 2):
 PSYoungGen      total 77760K, used 9547K [0x00000000fa000000, 0x00000000ffde0000, 0x0000000100000000)
  eden space 59904K, 0% used [0x00000000fa000000,0x00000000fa000000,0x00000000fda80000)
  from space 17856K, 53% used [0x00000000fda80000,0x00000000fe3d2c30,0x00000000febf0000)
  to   space 17152K, 0% used [0x00000000fed20000,0x00000000fed20000,0x00000000ffde0000)
 ParOldGen       total 105408K, used 57554K [0x00000000e8000000, 0x00000000ee6f0000, 0x00000000fa000000)
  object space 105408K, 54% used [0x00000000e8000000,0x00000000eb834b50,0x00000000ee6f0000)
 PSPermGen       total 109120K, used 58073K [0x00000000e0000000, 0x00000000e6a90000, 0x00000000e8000000)
  object space 109120K, 53% used [0x00000000e0000000,0x00000000e38b6450,0x00000000e6a90000)
}
Event: 290.129 GC heap before
{Heap before GC invocations=40 (full 2):
 PSYoungGen      total 77760K, used 69451K [0x00000000fa000000, 0x00000000ffde0000, 0x0000000100000000)
  eden space 59904K, 100% used [0x00000000fa000000,0x00000000fda80000,0x00000000fda80000)
  from space 17856K, 53% used [0x00000000fda80000,0x00000000fe3d2c30,0x00000000febf0000)
  to   space 17152K, 0% used [0x00000000fed20000,0x00000000fed20000,0x00000000ffde0000)
 ParOldGen       total 105408K, used 57554K [0x00000000e8000000, 0x00000000ee6f0000, 0x00000000fa000000)
  object space 105408K, 54% used [0x00000000e8000000,0x00000000eb834b50,0x00000000ee6f0000)
 PSPermGen       total 109120K, used 58277K [0x00000000e0000000, 0x00000000e6a90000, 0x00000000e8000000)
  object space 109120K, 53% used [0x00000000e0000000,0x00000000e38e97e0,0x00000000e6a90000)
Event: 290.139 GC heap after
Heap after GC invocations=40 (full 2):
 PSYoungGen      total 79424K, used 9932K [0x00000000fa000000, 0x00000000ffe70000, 0x0000000100000000)
  eden space 62272K, 0% used [0x00000000fa000000,0x00000000fa000000,0x00000000fdcd0000)
  from space 17152K, 57% used [0x00000000fed20000,0x00000000ff6d32c0,0x00000000ffde0000)
  to   space 16704K, 0% used [0x00000000fdcd0000,0x00000000fdcd0000,0x00000000fed20000)
 ParOldGen       total 105408K, used 57554K [0x00000000e8000000, 0x00000000ee6f0000, 0x00000000fa000000)
  object space 105408K, 54% used [0x00000000e8000000,0x00000000eb834b50,0x00000000ee6f0000)
 PSPermGen       total 109120K, used 58277K [0x00000000e0000000, 0x00000000e6a90000, 0x00000000e8000000)
  object space 109120K, 53% used [0x00000000e0000000,0x00000000e38e97e0,0x00000000e6a90000)
}
Event: 676.073 GC heap before
{Heap before GC invocations=41 (full 2):
 PSYoungGen      total 79424K, used 72204K [0x00000000fa000000, 0x00000000ffe70000, 0x0000000100000000)
  eden space 62272K, 100% used [0x00000000fa000000,0x00000000fdcd0000,0x00000000fdcd0000)
  from space 17152K, 57% used [0x00000000fed20000,0x00000000ff6d32c0,0x00000000ffde0000)
  to   space 16704K, 0% used [0x00000000fdcd0000,0x00000000fdcd0000,0x00000000fed20000)
 ParOldGen       total 105408K, used 57554K [0x00000000e8000000, 0x00000000ee6f0000, 0x00000000fa000000)
  object space 105408K, 54% used [0x00000000e8000000,0x00000000eb834b50,0x00000000ee6f0000)
 PSPermGen       total 109120K, used 58289K [0x00000000e0000000, 0x00000000e6a90000, 0x00000000e8000000)
  object space 109120K, 53% used [0x00000000e0000000,0x00000000e38ec528,0x00000000e6a90000)
Event: 676.089 GC heap after
Heap after GC invocations=41 (full 2):
 PSYoungGen      total 78976K, used 9788K [0x00000000fa000000, 0x00000000ffe90000, 0x0000000100000000)
  eden space 62272K, 0% used [0x00000000fa000000,0x00000000fa000000,0x00000000fdcd0000)
  from space 16704K, 58% used [0x00000000fdcd0000,0x00000000fe65f2b0,0x00000000fed20000)
  to   space 16192K, 0% used [0x00000000feec0000,0x00000000feec0000,0x00000000ffe90000)
 ParOldGen       total 105408K, used 57554K [0x00000000e8000000, 0x00000000ee6f0000, 0x00000000fa000000)
  object space 105408K, 54% used [0x00000000e8000000,0x00000000eb834b50,0x00000000ee6f0000)
 PSPermGen       total 109120K, used 58289K [0x00000000e0000000, 0x00000000e6a90000, 0x00000000e8000000)
  object space 109120K, 53% used [0x00000000e0000000,0x00000000e38ec528,0x00000000e6a90000)
}
Event: 1078.072 GC heap before
{Heap before GC invocations=42 (full 2):
 PSYoungGen      total 78976K, used 72060K [0x00000000fa000000, 0x00000000ffe90000, 0x0000000100000000)
  eden space 62272K, 100% used [0x00000000fa000000,0x00000000fdcd0000,0x00000000fdcd0000)
  from space 16704K, 58% used [0x00000000fdcd0000,0x00000000fe65f2b0,0x00000000fed20000)
  to   space 16192K, 0% used [0x00000000feec0000,0x00000000feec0000,0x00000000ffe90000)
 ParOldGen       total 105408K, used 57554K [0x00000000e8000000, 0x00000000ee6f0000, 0x00000000fa000000)
  object space 105408K, 54% used [0x00000000e8000000,0x00000000eb834b50,0x00000000ee6f0000)
 PSPermGen       total 109120K, used 58289K [0x00000000e0000000, 0x00000000e6a90000, 0x00000000e8000000)
  object space 109120K, 53% used [0x00000000e0000000,0x00000000e38ec528,0x00000000e6a90000)
Event: 1078.088 GC heap after
Heap after GC invocations=42 (full 2):
 PSYoungGen      total 80768K, used 5964K [0x00000000fa000000, 0x00000000fff40000, 0x0000000100000000)
  eden space 64576K, 0% used [0x00000000fa000000,0x00000000fa000000,0x00000000fdf10000)
  from space 16192K, 36% used [0x00000000feec0000,0x00000000ff493290,0x00000000ffe90000)
  to   space 16064K, 0% used [0x00000000fdf10000,0x00000000fdf10000,0x00000000feec0000)
 ParOldGen       total 105408K, used 57562K [0x00000000e8000000, 0x00000000ee6f0000, 0x00000000fa000000)
  object space 105408K, 54% used [0x00000000e8000000,0x00000000eb836b50,0x00000000ee6f0000)
 PSPermGen       total 109120K, used 58289K [0x00000000e0000000, 0x00000000e6a90000, 0x00000000e8000000)
  object space 109120K, 53% used [0x00000000e0000000,0x00000000e38ec528,0x00000000e6a90000)
}

Deoptimization events (10 events):
Event: 268.994 Thread 0x000000005b0f6800 Uncommon trap -83 fr.pc 0x000000003d60a1f4
Event: 1175.271 Thread 0x000000005b0f6800 Uncommon trap -58 fr.pc 0x000000003d705300
Event: 1175.271 Thread 0x000000005b0f6800 Uncommon trap -58 fr.pc 0x000000003d705300
Event: 1175.273 Thread 0x000000005b0f6800 Uncommon trap -58 fr.pc 0x000000003d705300
Event: 1175.288 Thread 0x000000005b0f6800 Uncommon trap -83 fr.pc 0x000000003d7bb2e0
Event: 1175.290 Thread 0x000000005b0f6800 Uncommon trap -83 fr.pc 0x000000003d717520
Event: 1175.464 Thread 0x000000005b0f6800 Uncommon trap -83 fr.pc 0x000000003d71bc00
Event: 1175.584 Thread 0x000000005b0f6800 Uncommon trap -58 fr.pc 0x000000003d738b48
Event: 1176.444 Thread 0x000000005b0f6800 Uncommon trap -58 fr.pc 0x000000003d705300
Event: 1176.575 Thread 0x000000005b0f6800 Uncommon trap -58 fr.pc 0x000000003d79e87c

Internal exceptions (10 events):
Event: 289.989 Thread 0x000000002f800800 Threw 0x00000000fd6dca98 at C:\jdk7u1_64p\jdk7u11\hotspot\src\share\vm\prims\jvm.cpp:1166
Event: 289.990 Thread 0x000000002f800800 Threw 0x00000000fd6ff5b0 at C:\jdk7u1_64p\jdk7u11\hotspot\src\share\vm\prims\jvm.cpp:1166
Event: 289.990 Thread 0x000000002f800800 Threw 0x00000000fd6ffa58 at C:\jdk7u1_64p\jdk7u11\hotspot\src\share\vm\prims\jvm.cpp:1166
Event: 289.991 Thread 0x000000002f800800 Threw 0x00000000fd7225f8 at C:\jdk7u1_64p\jdk7u11\hotspot\src\share\vm\prims\jvm.cpp:1166
Event: 290.007 Thread 0x000000002f800800 Threw 0x00000000fd722af8 at C:\jdk7u1_64p\jdk7u11\hotspot\src\share\vm\prims\jvm.cpp:1166
Event: 290.008 Thread 0x000000002f800800 Threw 0x00000000fd732850 at C:\jdk7u1_64p\jdk7u11\hotspot\src\share\vm\prims\jvm.cpp:1166
Event: 290.008 Thread 0x000000002f800800 Threw 0x00000000fd732b58 at C:\jdk7u1_64p\jdk7u11\hotspot\src\share\vm\prims\jvm.cpp:1166
Event: 290.008 Thread 0x000000002f800800 Threw 0x00000000fd7428d0 at C:\jdk7u1_64p\jdk7u11\hotspot\src\share\vm\prims\jvm.cpp:1166
Event: 290.008 Thread 0x000000002f800800 Threw 0x00000000fd742d00 at C:\jdk7u1_64p\jdk7u11\hotspot\src\share\vm\prims\jvm.cpp:1166
Event: 290.009 Thread 0x000000002f800800 Threw 0x00000000fd752a70 at C:\jdk7u1_64p\jdk7u11\hotspot\src\share\vm\prims\jvm.cpp:1166

Events (10 events):
Event: 1175.584 Thread 0x000000005b0f6800 DEOPT PACKING pc=0x000000003d738b48 sp=0x00000000a3fed410
Event: 1175.584 Thread 0x000000005b0f6800 DEOPT UNPACKING pc=0x000000003d359164 sp=0x00000000a3fed3d0 mode 2
Event: 1176.444 Thread 0x000000005b0f6800 DEOPT PACKING pc=0x000000003d705300 sp=0x00000000a3fee7f0
Event: 1176.444 Thread 0x000000005b0f6800 DEOPT UNPACKING pc=0x000000003d359164 sp=0x00000000a3fee7d8 mode 2
Event: 1176.575 Thread 0x000000005b0f6800 DEOPT PACKING pc=0x000000003d79e87c sp=0x00000000a3fedff0
Event: 1176.575 Thread 0x000000005b0f6800 DEOPT UNPACKING pc=0x000000003d359164 sp=0x00000000a3fedfd8 mode 2
Event: 1176.807 Executing VM operation: RevokeBias
Event: 1176.807 Executing VM operation: RevokeBias done
Event: 1176.807 Executing VM operation: RevokeBias
Event: 1176.807 Executing VM operation: RevokeBias done


Dynamic libraries:
0x0000000140000000 - 0x0000000140029000 	C:\Program Files\MATLAB\R2013b\bin\win64\MATLAB.exe
0x00007ffdcd300000 - 0x00007ffdcd4c1000 	C:\WINDOWS\SYSTEM32\ntdll.dll
0x00007ffdcc830000 - 0x00007ffdcc8dd000 	C:\WINDOWS\system32\KERNEL32.DLL
0x00007ffdca460000 - 0x00007ffdca648000 	C:\WINDOWS\system32\KERNELBASE.dll
0x000000006f060000 - 0x000000006f3dc000 	C:\Program Files\MATLAB\R2013b\bin\win64\libmwservices.dll
0x000000006e4d0000 - 0x000000006e57d000 	C:\Program Files\MATLAB\R2013b\bin\win64\mcr.dll
0x000000006ad70000 - 0x000000006aedf000 	C:\Program Files\MATLAB\R2013b\bin\win64\mvm.dll
0x0000000065910000 - 0x00000000659a8000 	C:\Program Files\MATLAB\R2013b\bin\win64\MSVCP100.dll
0x0000000065830000 - 0x0000000065902000 	C:\Program Files\MATLAB\R2013b\bin\win64\MSVCR100.dll
0x00007ffdcaa00000 - 0x00007ffdcab56000 	C:\WINDOWS\system32\USER32.dll
0x000000006fe80000 - 0x000000006ff56000 	C:\Program Files\MATLAB\R2013b\bin\win64\libmwi18n.dll
0x00007ffdcceb0000 - 0x00007ffdcd036000 	C:\WINDOWS\system32\GDI32.dll
0x00007ffdcb180000 - 0x00007ffdcc6dc000 	C:\WINDOWS\system32\SHELL32.dll
0x00007ffdcc8e0000 - 0x00007ffdcc97d000 	C:\WINDOWS\system32\msvcrt.dll
0x00007ffdc9a20000 - 0x00007ffdc9a63000 	C:\WINDOWS\system32\cfgmgr32.dll
0x00007ffdc9b80000 - 0x00007ffdca1c5000 	C:\WINDOWS\system32\windows.storage.dll
0x00007ffdca770000 - 0x00007ffdca9ed000 	C:\WINDOWS\system32\combase.dll
0x00007ffdccc80000 - 0x00007ffdccd9c000 	C:\WINDOWS\system32\RPCRT4.dll
0x00007ffdc99b0000 - 0x00007ffdc9a1a000 	C:\WINDOWS\system32\bcryptPrimitives.dll
0x00007ffdcd040000 - 0x00007ffdcd0e7000 	C:\WINDOWS\system32\advapi32.dll
0x00007ffdccbc0000 - 0x00007ffdccc1b000 	C:\WINDOWS\system32\sechost.dll
0x00007ffdcce50000 - 0x00007ffdccea2000 	C:\WINDOWS\system32\shlwapi.dll
0x00007ffdc9920000 - 0x00007ffdc992f000 	C:\WINDOWS\system32\kernel.appcore.dll
0x00007ffdca1d0000 - 0x00007ffdca285000 	C:\WINDOWS\system32\shcore.dll
0x00007ffdc9960000 - 0x00007ffdc99ab000 	C:\WINDOWS\system32\powrprof.dll
0x00007ffdc9930000 - 0x00007ffdc9944000 	C:\WINDOWS\system32\profapi.dll
0x00007ffdcc6e0000 - 0x00007ffdcc823000 	C:\WINDOWS\system32\ole32.dll
0x000000006e110000 - 0x000000006e4d0000 	C:\Program Files\MATLAB\R2013b\bin\win64\iqm.dll
0x000000006c710000 - 0x000000006c73f000 	C:\Program Files\MATLAB\R2013b\bin\win64\libmwbridge.dll
0x00007ffdcaf90000 - 0x00007ffdcb09b000 	C:\WINDOWS\system32\COMDLG32.dll
0x00007ffdc9ad0000 - 0x00007ffdc9b56000 	C:\WINDOWS\system32\FirewallAPI.dll
0x00007ffdc9b60000 - 0x00007ffdc9b77000 	C:\WINDOWS\system32\NETAPI32.dll
0x00007ffdcc980000 - 0x00007ffdcc9eb000 	C:\WINDOWS\system32\WS2_32.dll
0x00007ffdcb0b0000 - 0x00007ffdcb171000 	C:\WINDOWS\system32\OLEAUT32.dll
0x00000000106c0000 - 0x000000001077b000 	C:\Program Files\MATLAB\R2013b\bin\win64\libut.dll
0x00007ffdccc20000 - 0x00007ffdccc3c000 	C:\WINDOWS\system32\imagehlp.dll
0x000000006f960000 - 0x000000006fb07000 	C:\Program Files\MATLAB\R2013b\bin\win64\libmwfl.dll
0x0000000010780000 - 0x000000001087b000 	C:\Program Files\MATLAB\R2013b\bin\win64\libmx.dll
0x00007ffdcc9f0000 - 0x00007ffdcc9f8000 	C:\WINDOWS\system32\PSAPI.DLL
0x000000006d760000 - 0x000000006d784000 	C:\Program Files\MATLAB\R2013b\bin\win64\libmex.dll
0x000000006eeb0000 - 0x000000006eef7000 	C:\Program Files\MATLAB\R2013b\bin\win64\mpath.dll
0x0000000010af0000 - 0x0000000011118000 	C:\Program Files\MATLAB\R2013b\bin\win64\mlutil.dll
0x0000000180000000 - 0x00000001800c2000 	C:\Program Files\MATLAB\R2013b\bin\win64\m_dispatcher.dll
0x0000000010880000 - 0x0000000010ae2000 	C:\Program Files\MATLAB\R2013b\bin\win64\mcos.dll
0x000000006c500000 - 0x000000006c651000 	C:\Program Files\MATLAB\R2013b\bin\win64\libmwgui.dll
0x000000006bac0000 - 0x000000006c426000 	C:\Program Files\MATLAB\R2013b\bin\win64\hg.dll
0x000000006b3a0000 - 0x000000006b4b2000 	C:\Program Files\MATLAB\R2013b\bin\win64\hgutils.dll
0x0000000011120000 - 0x000000001191b000 	C:\Program Files\MATLAB\R2013b\bin\win64\m_interpreter.dll
0x000000006b780000 - 0x000000006b848000 	C:\Program Files\MATLAB\R2013b\bin\win64\jmi.dll
0x000000006b2f0000 - 0x000000006b39e000 	C:\Program Files\MATLAB\R2013b\bin\win64\udd_mi.dll
0x0000000011920000 - 0x0000000011d2f000 	C:\Program Files\MATLAB\R2013b\bin\win64\libmwMATLAB_res.dll
0x000000006afc0000 - 0x000000006b28f000 	C:\Program Files\MATLAB\R2013b\bin\win64\uiw.dll
0x000000006af50000 - 0x000000006af6d000 	C:\Program Files\MATLAB\R2013b\bin\win64\mwoles05.DLL
0x000000006aee0000 - 0x000000006af4c000 	C:\Program Files\MATLAB\R2013b\bin\win64\comcli.dll
0x0000000000020000 - 0x000000000002c000 	C:\Program Files\MATLAB\R2013b\bin\win64\mlautoregister.dll
0x0000000064e60000 - 0x0000000064e6e000 	C:\Program Files\MATLAB\R2013b\bin\win64\boost_date_time-vc100-mt-1_49.dll
0x0000000064e30000 - 0x0000000064e5c000 	C:\Program Files\MATLAB\R2013b\bin\win64\boost_filesystem-vc100-mt-1_49.dll
0x0000000064e20000 - 0x0000000064e30000 	C:\Program Files\MATLAB\R2013b\bin\win64\boost_iostreams-vc100-mt-1_49.dll
0x0000000064e10000 - 0x0000000064e19000 	C:\Program Files\MATLAB\R2013b\bin\win64\boost_system-vc100-mt-1_49.dll
0x0000000064df0000 - 0x0000000064e01000 	C:\Program Files\MATLAB\R2013b\bin\win64\boost_thread-vc100-mt-1_49.dll
0x00007ffdc1030000 - 0x00007ffdc1063000 	C:\Program Files\MATLAB\R2013b\bin\win64\tbb.dll
0x0000000064da0000 - 0x0000000064de6000 	C:\Program Files\MATLAB\R2013b\bin\win64\boost_serialization-vc100-mt-1_49.dll
0x000000006ef00000 - 0x000000006ef4e000 	C:\Program Files\MATLAB\R2013b\bin\win64\libmwregexp.dll
0x000000006e5f0000 - 0x000000006e613000 	C:\Program Files\MATLAB\R2013b\bin\win64\libmwMATLAB_settings_res.dll
0x000000006e580000 - 0x000000006e586000 	C:\Program Files\MATLAB\R2013b\bin\win64\libmwnativedisplay.dll
0x00000000685f0000 - 0x000000006863d000 	C:\Program Files\MATLAB\R2013b\bin\win64\opccore.dll
0x00000000684f0000 - 0x00000000685c6000 	C:\Program Files\MATLAB\R2013b\bin\win64\opcmodel.dll
0x00000000684c0000 - 0x00000000684ed000 	C:\Program Files\MATLAB\R2013b\bin\win64\opczippackage.dll
0x0000000068340000 - 0x00000000683a6000 	C:\Program Files\MATLAB\R2013b\bin\win64\opcmwservices.dll
0x00000000648f0000 - 0x000000006497c000 	C:\Program Files\MATLAB\R2013b\bin\win64\boost_log-vc100-mt-1_49.dll
0x00007ffdc2000000 - 0x00007ffdc20aa000 	C:\WINDOWS\WinSxS\amd64_microsoft.windows.common-controls_6595b64144ccf1df_5.82.10586.0_none_396e892957c7fb25\COMCTL32.dll
0x0000000064b50000 - 0x0000000064d91000 	C:\Program Files\MATLAB\R2013b\bin\win64\xerces-c_2_7.dll
0x0000000011d30000 - 0x0000000011de6000 	C:\Program Files\MATLAB\R2013b\bin\win64\udd.dll
0x000000006fe70000 - 0x000000006fe7d000 	C:\Program Files\MATLAB\R2013b\bin\win64\libmwresource_core.dll
0x0000000064b20000 - 0x0000000064b45000 	C:\Program Files\MATLAB\R2013b\bin\win64\LIBEXPAT.dll
0x0000000064990000 - 0x0000000064b1a000 	C:\Program Files\MATLAB\R2013b\bin\win64\icuin49.dll
0x00000000647b0000 - 0x00000000648ee000 	C:\Program Files\MATLAB\R2013b\bin\win64\icuuc49.dll
0x0000000064980000 - 0x0000000064990000 	C:\Program Files\MATLAB\R2013b\bin\win64\icuio49.dll
0x0000000064690000 - 0x000000006476f000 	C:\Program Files\MATLAB\R2013b\bin\win64\boost_regex-vc100-mt-1_49.dll
0x0000000064770000 - 0x0000000064781000 	C:\Program Files\MATLAB\R2013b\bin\win64\boost_signals-vc100-mt-1_49.dll
0x00007ffdc0fd0000 - 0x00007ffdc0ff8000 	C:\Program Files\MATLAB\R2013b\bin\win64\tbbmalloc.dll
0x0000000064790000 - 0x00000000647a7000 	C:\Program Files\MATLAB\R2013b\bin\win64\zlib1.dll
0x000000006e870000 - 0x000000006e8e7000 	C:\Program Files\MATLAB\R2013b\bin\win64\xmlcore.dll
0x000000006c4d0000 - 0x000000006c4f8000 	C:\Program Files\MATLAB\R2013b\bin\win64\graphics_util.dll
0x0000000011df0000 - 0x0000000011ff5000 	C:\Program Files\MATLAB\R2013b\bin\win64\hgdatatypes.dll
0x000000006b770000 - 0x000000006b77e000 	C:\Program Files\MATLAB\R2013b\bin\win64\nativejava_services.dll
0x000000006ba60000 - 0x000000006babd000 	C:\Program Files\MATLAB\R2013b\bin\win64\libmat.dll
0x0000000012000000 - 0x0000000012042000 	C:\Program Files\MATLAB\R2013b\bin\win64\libmwhardcopy.dll
0x000000006b6d0000 - 0x000000006b72e000 	C:\Program Files\MATLAB\R2013b\bin\win64\libuij.dll
0x000000006ced0000 - 0x000000006cf4f000 	C:\Program Files\MATLAB\R2013b\bin\win64\libmwlapack.dll
0x000000006b2b0000 - 0x000000006b2e6000 	C:\Program Files\MATLAB\R2013b\bin\win64\libmwgbtutils.dll
0x000000006b290000 - 0x000000006b2a3000 	C:\Program Files\MATLAB\R2013b\bin\win64\libmwgbt.dll
0x0000000064130000 - 0x000000006468d000 	C:\Program Files\MATLAB\R2013b\bin\win64\mfc100.dll
0x00007ffdc1a60000 - 0x00007ffdc1ae4000 	C:\WINDOWS\SYSTEM32\WINSPOOL.DRV
0x000000006d6e0000 - 0x000000006d75b000 	C:\Program Files\MATLAB\R2013b\bin\win64\profiler.dll
0x000000006d450000 - 0x000000006d5c8000 	C:\Program Files\MATLAB\R2013b\bin\win64\libmwmathutil.dll
0x000000006d420000 - 0x000000006d447000 	C:\Program Files\MATLAB\R2013b\bin\win64\libmwmathrng.dll
0x000000006ceb0000 - 0x000000006ced0000 	C:\Program Files\MATLAB\R2013b\bin\win64\m_pcodeio.dll
0x000000006ce50000 - 0x000000006ceac000 	C:\Program Files\MATLAB\R2013b\bin\win64\m_ir.dll
0x0000000012050000 - 0x0000000012705000 	C:\Program Files\MATLAB\R2013b\bin\win64\m_parser.dll
0x000000006c740000 - 0x000000006c768000 	C:\Program Files\MATLAB\R2013b\bin\win64\m_pcodegen.dll
0x000000006d2b0000 - 0x000000006d313000 	C:\Program Files\MATLAB\R2013b\bin\win64\libmwspmatrix.dll
0x00007ffdc65a0000 - 0x00007ffdc672c000 	C:\WINDOWS\SYSTEM32\dbghelp.dll
0x0000000064100000 - 0x000000006412b000 	C:\Program Files\MATLAB\R2013b\bin\win64\ATL100.DLL
0x000000006afb0000 - 0x000000006afb9000 	C:\Program Files\MATLAB\R2013b\bin\win64\uinone.dll
0x000000006af80000 - 0x000000006afac000 	C:\Program Files\MATLAB\R2013b\bin\win64\libmwnativedialogs.dll
0x00007ffdb8300000 - 0x00007ffdb831b000 	C:\WINDOWS\SYSTEM32\MPR.dll
0x00000000640f0000 - 0x00000000640fe000 	C:\Program Files\MATLAB\R2013b\bin\win64\libminizip.dll
0x0000000012710000 - 0x0000000013832000 	C:\Program Files\MATLAB\R2013b\bin\win64\icudt49.dll
0x0000000064030000 - 0x00000000640e8000 	C:\Program Files\MATLAB\R2013b\bin\win64\libtex_base.dll
0x000000006b850000 - 0x000000006ba58000 	C:\Program Files\MATLAB\R2013b\bin\win64\hdf5dll.dll
0x000000006cf60000 - 0x000000006cf75000 	C:\Program Files\MATLAB\R2013b\bin\win64\libmwbinder.dll
0x000000006cf50000 - 0x000000006cf5b000 	C:\Program Files\MATLAB\R2013b\bin\win64\libmwompwrapper.dll
0x00007ffdc9850000 - 0x00007ffdc9879000 	C:\WINDOWS\SYSTEM32\bcrypt.dll
0x00007ffdc41a0000 - 0x00007ffdc41a7000 	C:\WINDOWS\SYSTEM32\MSIMG32.dll
0x000000006d410000 - 0x000000006d420000 	C:\Program Files\MATLAB\R2013b\bin\win64\libmwmfl_rng.dll
0x0000000013850000 - 0x0000000013968000 	C:\Program Files\MATLAB\R2013b\bin\win64\libmwmathcore.dll
0x000000006c780000 - 0x000000006c797000 	C:\Program Files\MATLAB\R2013b\bin\win64\ir_xfmr.dll
0x000000006c770000 - 0x000000006c780000 	C:\Program Files\MATLAB\R2013b\bin\win64\mtok.dll
0x00007ffdc3ed0000 - 0x00007ffdc3edc000 	C:\WINDOWS\SYSTEM32\DAVHLPR.DLL
0x000000006af70000 - 0x000000006af7c000 	C:\Program Files\MATLAB\R2013b\bin\win64\libmwplatform_res.dll
0x000000006cfc0000 - 0x000000006d01c000 	C:\Program Files\MATLAB\R2013b\bin\win64\libmwcholmod.dll
0x000000006cfa0000 - 0x000000006cfab000 	C:\Program Files\MATLAB\R2013b\bin\win64\libmwcolamd.dll
0x000000006cfb0000 - 0x000000006cfbc000 	C:\Program Files\MATLAB\R2013b\bin\win64\libmwamd.dll
0x000000006cf80000 - 0x000000006cf93000 	C:\Program Files\MATLAB\R2013b\bin\win64\libmwblas.dll
0x00007ffdccc40000 - 0x00007ffdccc7b000 	C:\WINDOWS\system32\IMM32.DLL
0x00007ffdc86a0000 - 0x00007ffdc86d2000 	C:\WINDOWS\SYSTEM32\fwbase.dll
0x00007ffdc82a0000 - 0x00007ffdc8336000 	C:\WINDOWS\SYSTEM32\UxTheme.dll

VM Arguments:
jvm_args: -XX:PermSize=32m -Xms64m -XX:NewRatio=3 -XX:MaxPermSize=128m -Xmx384m -XX:MaxDirectMemorySize=2147400000 -Dsun.java2d.noddraw=true -Dsun.awt.nopixfmt=true -Xshare:off -Xrs -XX:-UseSplitVerifier -Djava.library.path=C:\Program Files\MATLAB\R2013b\bin\win64;C:\Program Files\MATLAB\R2013b\sys\jxbrowser\win64\lib vfprintf abort -Duser.language=en -Duser.country=US 
java_command: <unknown>
Launcher Type: generic

Environment Variables:
PATH=C:\ProgramData\Oracle\Java\javapath;C:\Program Files (x86)\NVIDIA Corporation\PhysX\Common;C:\Program Files (x86)\Intel\iCLS Client\;C:\Program Files\Intel\iCLS Client\;C:\WINDOWS\system32;C:\WINDOWS;C:\WINDOWS\System32\Wbem;C:\WINDOWS\System32\WindowsPowerShell\v1.0\;C:\Program Files\Intel\Intel(R) Management Engine Components\DAL;C:\Program Files\Intel\Intel(R) Management Engine Components\IPT;C:\Program Files (x86)\Intel\Intel(R) Management Engine Components\DAL;C:\Program Files (x86)\Intel\Intel(R) Management Engine Components\IPT;C:\Program Files\Intel\WiFi\bin\;C:\Program Files\Common Files\Intel\WirelessCommon\;C:\Program Files\MATLAB\R2015b\runtime\win64;C:\Program Files\MATLAB\R2015b\bin;C:\Program Files\MATLAB\R2013b\runtime\win64;C:\Program Files\MATLAB\R2013b\bin;C:\Program Files\MATLAB\R2013b\polyspace\bin;C:\Program Files (x86)\MiKTeX 2.9\miktex\bin\;C:\Program Files (x86)\Windows Kits\10\Windows Performance Toolkit\;C:\Program Files\Microsoft Windows Performance Toolkit\;C:\WINDOWS\system32;C:\WINDOWS;C:\WINDOWS\System32\Wbem;C:\WINDOWS\System32\WindowsPowerShell\v1.0\;C:\Program Files\MATLAB\R2015b\polyspace\bin;C:\Users\Nick\Anaconda;C:\Users\Nick\Anaconda\Scripts;C:\Users\Nick\AppData\Local\Pandoc\
USERNAME=Nick
OS=Windows_NT
PROCESSOR_IDENTIFIER=Intel64 Family 6 Model 69 Stepping 1, GenuineIntel



---------------  S Y S T E M  ---------------

OS: Windows 8 , 64 bit Build 9200 

CPU:total 4 (2 cores per cpu, 2 threads per core) family 6 model 69 stepping 1, cmov, cx8, fxsr, mmx, sse, sse2, sse3, ssse3, sse4.1, sse4.2, popcnt, avx, avx2, ht, tsc, tscinvbit

Memory: 4k page, physical 12469196k(5252032k free), swap 14369740k(3918184k free)

vm_info: Java HotSpot(TM) 64-Bit Server VM (23.6-b04) for windows-amd64 JRE (1.7.0_11-b21), built on Jan 12 2013 02:38:42 by "java_re" with unknown MS VC++:1600

time: Fri Aug 19 17:19:57 2016
elapsed time: 1176 seconds

